<?xml version="1.0" encoding="UTF-8"?>
<!-- Generated by org.testng.reporters.JUnitReportReporter -->
<testsuite hostname="LAPTOP-NVCL988R" failures="0" tests="1" name="assessment.DeleteUser" time="0.010" errors="0" timestamp="2022-01-31T12:21:23 SAST" skipped="0">
  <testcase classname="assessment.DeleteUser" name="f" time="0.010"/>
  <system-out/>
</testsuite> <!-- assessment.DeleteUser -->
