<?xml version="1.0" encoding="UTF-8"?>
<!-- Generated by org.testng.reporters.JUnitReportReporter -->
<testsuite hostname="LAPTOP-NVCL988R" failures="0" tests="1" name="assessment.Login" time="2.069" errors="0" timestamp="2022-01-31T12:36:28 SAST" skipped="0">
  <testcase classname="assessment.Login" name="login" time="2.069"/>
  <system-out/>
</testsuite> <!-- assessment.Login -->
