<?xml version="1.0" encoding="UTF-8"?>
<!-- Generated by org.testng.reporters.JUnitReportReporter -->
<testsuite hostname="LAPTOP-NVCL988R" failures="0" tests="2" name="assessment.assessment_1" time="12.195" errors="0" timestamp="2022-01-29T22:57:11 SAST" skipped="0">
  <testcase classname="assessment.assessment_1" name="login" time="7.630"/>
  <system-out/>
  <testcase classname="assessment.assessment_1" name="add" time="4.565"/>
  <system-out/>
</testsuite> <!-- assessment.assessment_1 -->
